<?xml version="1.0" encoding="UTF-8"?>
<!-- Generated by org.testng.reporters.JUnitXMLReporter -->
<testsuite ignored="0" hostname="DESKTOP-CI731R6" failures="0" tests="2" name="Test-parell" time="13.64" errors="0" timestamp="2023-03-16T23:06:23 IST">
  <testcase classname="seleniumproject.ParallelExecution" name="loginApp" time="0.092"/>
  <testcase classname="seleniumproject.ParallelExecution" name="homePageTitle" time="0.017"/>
</testsuite> <!-- Test-parell -->
