<?xml version="1.0" encoding="UTF-8"?>
<!-- Generated by org.testng.reporters.JUnitReportReporter -->
<testsuite hostname="DESKTOP-CI731R6" failures="0" tests="2" name="seleniumproject.ListnerExample" time="0.137" errors="0" timestamp="2023-03-17T22:50:45 IST" skipped="0">
  <testcase classname="seleniumproject.ListnerExample" name="loginApp" time="0.118"/>
  <system-out/>
  <testcase classname="seleniumproject.ListnerExample" name="homePageTitle" time="0.019"/>
  <system-out/>
</testsuite> <!-- seleniumproject.ListnerExample -->
