<?xml version="1.0" encoding="UTF-8"?>
<!-- Generated by org.testng.reporters.JUnitReportReporter -->
<testsuite hostname="DESKTOP-CI731R6" failures="0" tests="4" name="seleniumproject.ParallelExecution" time="0.223" errors="0" timestamp="2023-03-16T23:06:23 IST" skipped="0">
  <testcase classname="seleniumproject.ParallelExecution" name="loginApp" time="0.092"/>
  <system-out/>
  <testcase classname="seleniumproject.ParallelExecution" name="loginApp" time="0.092"/>
  <system-out/>
  <testcase classname="seleniumproject.ParallelExecution" name="homePageTitle" time="0.017"/>
  <system-out/>
  <testcase classname="seleniumproject.ParallelExecution" name="homePageTitle" time="0.022"/>
  <system-out/>
</testsuite> <!-- seleniumproject.ParallelExecution -->
