<?xml version="1.0" encoding="UTF-8"?>
<!-- Generated by org.testng.reporters.JUnitReportReporter -->
<testsuite hostname="DESKTOP-CI731R6" failures="0" tests="5" name="seleniumproject.Testngexample" time="0.028" errors="0" timestamp="2023-03-15T22:30:43 IST" skipped="0">
  <testcase classname="seleniumproject.Testngexample" name="lanch" time="0.019"/>
  <system-out/>
  <testcase classname="seleniumproject.Testngexample" name="advserach" time="0.002"/>
  <system-out/>
  <testcase classname="seleniumproject.Testngexample" name="serach" time="0.002"/>
  <system-out/>
  <testcase classname="seleniumproject.Testngexample" name="app" time="0.003"/>
  <system-out/>
  <testcase classname="seleniumproject.Testngexample" name="close" time="0.002"/>
  <system-out/>
</testsuite> <!-- seleniumproject.Testngexample -->
